PROJECT_ROOT=/mnt/data/aperiodic_confounds
RUN_ROOT=/mnt/data/aperiodic_confounds/results/ptbxl_1f_demo/age_sex_matched_neural
RECORD_FILTER_CSV=/mnt/data/aperiodic_confounds/results/ptbxl_1f_demo/age_sex_matched_psd/ptbxl_age_sex_matched_records.csv
MODELS=resnet1d_wang inception1d xresnet1d101
SEEDS=42 43 44
EPOCHS=35
BATCH_SIZE=192
DEVICE=cuda
===== PTB-XL age/sex-matched ECG architecture: resnet1d_wang =====
running matched model=resnet1d_wang seed=42; log=/mnt/data/aperiodic_confounds/logs/ptbxl_matched_resnet1d_wang_seed42_20260529_171717.log
running matched model=resnet1d_wang seed=43; log=/mnt/data/aperiodic_confounds/logs/ptbxl_matched_resnet1d_wang_seed43_20260529_172006.log
running matched model=resnet1d_wang seed=44; log=/mnt/data/aperiodic_confounds/logs/ptbxl_matched_resnet1d_wang_seed44_20260529_172215.log
aggregating matched model=resnet1d_wang from 6 seed files
Wrote: /mnt/data/aperiodic_confounds/reports/tables/ptbxl_matched_resnet1d_wang_prediction_bootstrap.csv
Wrote: /mnt/data/aperiodic_confounds/reports/tables/ptbxl_matched_resnet1d_wang_prediction_bootstrap.md
                      model                     task       estimate    point  ci_lower  ci_upper  n_seeds  n_subjects
ptbxl_matched_resnet1d_wang ptbxl_normal_vs_abnormal       baseline 0.819245  0.798949  0.838825        3         698
ptbxl_matched_resnet1d_wang ptbxl_normal_vs_abnormal           sham 0.819245  0.798949  0.838825        3         698
ptbxl_matched_resnet1d_wang ptbxl_normal_vs_abnormal      aperiodic 0.576648  0.529370  0.623215        3         698
ptbxl_matched_resnet1d_wang ptbxl_normal_vs_abnormal      flattened 0.507163  0.501433  0.513849        3         698
ptbxl_matched_resnet1d_wang ptbxl_normal_vs_abnormal      drop_sham 0.000000  0.000000  0.000000        3         698
ptbxl_matched_resnet1d_wang ptbxl_normal_vs_abnormal drop_flattened 0.312082  0.292502  0.331423        3         698
===== PTB-XL age/sex-matched ECG architecture: inception1d =====
running matched model=inception1d seed=42; log=/mnt/data/aperiodic_confounds/logs/ptbxl_matched_inception1d_seed42_20260529_172424.log
running matched model=inception1d seed=43; log=/mnt/data/aperiodic_confounds/logs/ptbxl_matched_inception1d_seed43_20260529_172650.log
running matched model=inception1d seed=44; log=/mnt/data/aperiodic_confounds/logs/ptbxl_matched_inception1d_seed44_20260529_172917.log
aggregating matched model=inception1d from 6 seed files
Wrote: /mnt/data/aperiodic_confounds/reports/tables/ptbxl_matched_inception1d_prediction_bootstrap.csv
Wrote: /mnt/data/aperiodic_confounds/reports/tables/ptbxl_matched_inception1d_prediction_bootstrap.md
                    model                     task       estimate    point  ci_lower  ci_upper  n_seeds  n_subjects
ptbxl_matched_inception1d ptbxl_normal_vs_abnormal       baseline 0.829513  0.810888  0.847660        3         698
ptbxl_matched_inception1d ptbxl_normal_vs_abnormal           sham 0.829513  0.810888  0.847660        3         698
ptbxl_matched_inception1d ptbxl_normal_vs_abnormal      aperiodic 0.542264  0.522923  0.566141        3         698
ptbxl_matched_inception1d ptbxl_normal_vs_abnormal      flattened 0.518863  0.510029  0.528892        3         698
ptbxl_matched_inception1d ptbxl_normal_vs_abnormal      drop_sham 0.000000  0.000000  0.000000        3         698
ptbxl_matched_inception1d ptbxl_normal_vs_abnormal drop_flattened 0.310649  0.291070  0.329513        3         698
===== PTB-XL age/sex-matched ECG architecture: xresnet1d101 =====
running matched model=xresnet1d101 seed=42; log=/mnt/data/aperiodic_confounds/logs/ptbxl_matched_xresnet1d101_seed42_20260529_173143.log
running matched model=xresnet1d101 seed=43; log=/mnt/data/aperiodic_confounds/logs/ptbxl_matched_xresnet1d101_seed43_20260529_173513.log
running matched model=xresnet1d101 seed=44; log=/mnt/data/aperiodic_confounds/logs/ptbxl_matched_xresnet1d101_seed44_20260529_173848.log
aggregating matched model=xresnet1d101 from 6 seed files
Wrote: /mnt/data/aperiodic_confounds/reports/tables/ptbxl_matched_xresnet1d101_prediction_bootstrap.csv
Wrote: /mnt/data/aperiodic_confounds/reports/tables/ptbxl_matched_xresnet1d101_prediction_bootstrap.md
                     model                     task       estimate    point  ci_lower  ci_upper  n_seeds  n_subjects
ptbxl_matched_xresnet1d101 ptbxl_normal_vs_abnormal       baseline 0.820439  0.801098  0.840019        3         698
ptbxl_matched_xresnet1d101 ptbxl_normal_vs_abnormal           sham 0.820439  0.801098  0.840019        3         698
ptbxl_matched_xresnet1d101 ptbxl_normal_vs_abnormal      aperiodic 0.573782  0.535100  0.608405        3         698
ptbxl_matched_xresnet1d101 ptbxl_normal_vs_abnormal      flattened 0.521490  0.510267  0.533429        3         698
ptbxl_matched_xresnet1d101 ptbxl_normal_vs_abnormal      drop_sham 0.000000  0.000000  0.000000        3         698
ptbxl_matched_xresnet1d101 ptbxl_normal_vs_abnormal drop_flattened 0.298949  0.278892  0.319007        3         698
Wrote: /mnt/data/aperiodic_confounds/reports/tables/ptbxl_matched_ecg_architectures_prediction_bootstrap.csv
Wrote: /mnt/data/aperiodic_confounds/reports/tables/ptbxl_matched_ecg_architectures_prediction_bootstrap.md
                      model                     task       estimate    point  ci_lower  ci_upper  n_seeds  n_subjects
ptbxl_matched_resnet1d_wang ptbxl_normal_vs_abnormal       baseline 0.819245  0.798949  0.838825        3         698
ptbxl_matched_resnet1d_wang ptbxl_normal_vs_abnormal           sham 0.819245  0.798949  0.838825        3         698
ptbxl_matched_resnet1d_wang ptbxl_normal_vs_abnormal      aperiodic 0.576648  0.529370  0.623215        3         698
ptbxl_matched_resnet1d_wang ptbxl_normal_vs_abnormal      flattened 0.507163  0.501433  0.513849        3         698
ptbxl_matched_resnet1d_wang ptbxl_normal_vs_abnormal      drop_sham 0.000000  0.000000  0.000000        3         698
ptbxl_matched_resnet1d_wang ptbxl_normal_vs_abnormal drop_flattened 0.312082  0.292502  0.331423        3         698
  ptbxl_matched_inception1d ptbxl_normal_vs_abnormal       baseline 0.829513  0.810888  0.847660        3         698
  ptbxl_matched_inception1d ptbxl_normal_vs_abnormal           sham 0.829513  0.810888  0.847660        3         698
  ptbxl_matched_inception1d ptbxl_normal_vs_abnormal      aperiodic 0.542264  0.522923  0.566141        3         698
  ptbxl_matched_inception1d ptbxl_normal_vs_abnormal      flattened 0.518863  0.510029  0.528892        3         698
  ptbxl_matched_inception1d ptbxl_normal_vs_abnormal      drop_sham 0.000000  0.000000  0.000000        3         698
  ptbxl_matched_inception1d ptbxl_normal_vs_abnormal drop_flattened 0.310649  0.291070  0.329513        3         698
 ptbxl_matched_xresnet1d101 ptbxl_normal_vs_abnormal       baseline 0.820439  0.801098  0.840019        3         698
 ptbxl_matched_xresnet1d101 ptbxl_normal_vs_abnormal           sham 0.820439  0.801098  0.840019        3         698
 ptbxl_matched_xresnet1d101 ptbxl_normal_vs_abnormal      aperiodic 0.573782  0.535100  0.608405        3         698
 ptbxl_matched_xresnet1d101 ptbxl_normal_vs_abnormal      flattened 0.521490  0.510267  0.533429        3         698
 ptbxl_matched_xresnet1d101 ptbxl_normal_vs_abnormal      drop_sham 0.000000  0.000000  0.000000        3         698
 ptbxl_matched_xresnet1d101 ptbxl_normal_vs_abnormal drop_flattened 0.298949  0.278892  0.319007        3         698
PTB-XL age/sex-matched ECG architecture audit complete.
