Fitted scenario=within_primary_early_2009_2011 train_input=full_log_psd
Evaluated scenario=within_primary_early_2009_2011 train=full_log_psd test=full_log_psd
Evaluated scenario=within_primary_early_2009_2011 train=full_log_psd test=aperiodic_spectrum
Evaluated scenario=within_primary_early_2009_2011 train=full_log_psd test=flattened_log_psd
Fitted scenario=within_primary_early_2009_2011 train_input=aperiodic_spectrum
Evaluated scenario=within_primary_early_2009_2011 train=aperiodic_spectrum test=full_log_psd
Evaluated scenario=within_primary_early_2009_2011 train=aperiodic_spectrum test=aperiodic_spectrum
Evaluated scenario=within_primary_early_2009_2011 train=aperiodic_spectrum test=flattened_log_psd
Fitted scenario=within_primary_early_2009_2011 train_input=flattened_log_psd
Evaluated scenario=within_primary_early_2009_2011 train=flattened_log_psd test=full_log_psd
Evaluated scenario=within_primary_early_2009_2011 train=flattened_log_psd test=aperiodic_spectrum
Evaluated scenario=within_primary_early_2009_2011 train=flattened_log_psd test=flattened_log_psd
Fitted scenario=within_primary_late_2012_2013 train_input=full_log_psd
Evaluated scenario=within_primary_late_2012_2013 train=full_log_psd test=full_log_psd
Evaluated scenario=within_primary_late_2012_2013 train=full_log_psd test=aperiodic_spectrum
Evaluated scenario=within_primary_late_2012_2013 train=full_log_psd test=flattened_log_psd
Fitted scenario=within_primary_late_2012_2013 train_input=aperiodic_spectrum
Evaluated scenario=within_primary_late_2012_2013 train=aperiodic_spectrum test=full_log_psd
Evaluated scenario=within_primary_late_2012_2013 train=aperiodic_spectrum test=aperiodic_spectrum
Evaluated scenario=within_primary_late_2012_2013 train=aperiodic_spectrum test=flattened_log_psd
Fitted scenario=within_primary_late_2012_2013 train_input=flattened_log_psd
Evaluated scenario=within_primary_late_2012_2013 train=flattened_log_psd test=full_log_psd
Evaluated scenario=within_primary_late_2012_2013 train=flattened_log_psd test=aperiodic_spectrum
Evaluated scenario=within_primary_late_2012_2013 train=flattened_log_psd test=flattened_log_psd
Fitted scenario=cross_primary_train_early_eval_late train_input=full_log_psd
Evaluated scenario=cross_primary_train_early_eval_late train=full_log_psd test=full_log_psd
Evaluated scenario=cross_primary_train_early_eval_late train=full_log_psd test=aperiodic_spectrum
Evaluated scenario=cross_primary_train_early_eval_late train=full_log_psd test=flattened_log_psd
Fitted scenario=cross_primary_train_early_eval_late train_input=aperiodic_spectrum
Evaluated scenario=cross_primary_train_early_eval_late train=aperiodic_spectrum test=full_log_psd
Evaluated scenario=cross_primary_train_early_eval_late train=aperiodic_spectrum test=aperiodic_spectrum
Evaluated scenario=cross_primary_train_early_eval_late train=aperiodic_spectrum test=flattened_log_psd
Fitted scenario=cross_primary_train_early_eval_late train_input=flattened_log_psd
Evaluated scenario=cross_primary_train_early_eval_late train=flattened_log_psd test=full_log_psd
Evaluated scenario=cross_primary_train_early_eval_late train=flattened_log_psd test=aperiodic_spectrum
Evaluated scenario=cross_primary_train_early_eval_late train=flattened_log_psd test=flattened_log_psd
Fitted scenario=cross_primary_train_late_eval_early train_input=full_log_psd
Evaluated scenario=cross_primary_train_late_eval_early train=full_log_psd test=full_log_psd
Evaluated scenario=cross_primary_train_late_eval_early train=full_log_psd test=aperiodic_spectrum
Evaluated scenario=cross_primary_train_late_eval_early train=full_log_psd test=flattened_log_psd
Fitted scenario=cross_primary_train_late_eval_early train_input=aperiodic_spectrum
Evaluated scenario=cross_primary_train_late_eval_early train=aperiodic_spectrum test=full_log_psd
Evaluated scenario=cross_primary_train_late_eval_early train=aperiodic_spectrum test=aperiodic_spectrum
Evaluated scenario=cross_primary_train_late_eval_early train=aperiodic_spectrum test=flattened_log_psd
Fitted scenario=cross_primary_train_late_eval_early train_input=flattened_log_psd
Evaluated scenario=cross_primary_train_late_eval_early train=flattened_log_psd test=full_log_psd
Evaluated scenario=cross_primary_train_late_eval_early train=flattened_log_psd test=aperiodic_spectrum
Evaluated scenario=cross_primary_train_late_eval_early train=flattened_log_psd test=flattened_log_psd
Fitted scenario=within_tercile_early_2009_2010 train_input=full_log_psd
Evaluated scenario=within_tercile_early_2009_2010 train=full_log_psd test=full_log_psd
Evaluated scenario=within_tercile_early_2009_2010 train=full_log_psd test=aperiodic_spectrum
Evaluated scenario=within_tercile_early_2009_2010 train=full_log_psd test=flattened_log_psd
Fitted scenario=within_tercile_early_2009_2010 train_input=aperiodic_spectrum
Evaluated scenario=within_tercile_early_2009_2010 train=aperiodic_spectrum test=full_log_psd
Evaluated scenario=within_tercile_early_2009_2010 train=aperiodic_spectrum test=aperiodic_spectrum
Evaluated scenario=within_tercile_early_2009_2010 train=aperiodic_spectrum test=flattened_log_psd
Fitted scenario=within_tercile_early_2009_2010 train_input=flattened_log_psd
Evaluated scenario=within_tercile_early_2009_2010 train=flattened_log_psd test=full_log_psd
Evaluated scenario=within_tercile_early_2009_2010 train=flattened_log_psd test=aperiodic_spectrum
Evaluated scenario=within_tercile_early_2009_2010 train=flattened_log_psd test=flattened_log_psd
Fitted scenario=within_tercile_middle_2011_2012 train_input=full_log_psd
Evaluated scenario=within_tercile_middle_2011_2012 train=full_log_psd test=full_log_psd
Evaluated scenario=within_tercile_middle_2011_2012 train=full_log_psd test=aperiodic_spectrum
Evaluated scenario=within_tercile_middle_2011_2012 train=full_log_psd test=flattened_log_psd
Fitted scenario=within_tercile_middle_2011_2012 train_input=aperiodic_spectrum
Evaluated scenario=within_tercile_middle_2011_2012 train=aperiodic_spectrum test=full_log_psd
Evaluated scenario=within_tercile_middle_2011_2012 train=aperiodic_spectrum test=aperiodic_spectrum
Evaluated scenario=within_tercile_middle_2011_2012 train=aperiodic_spectrum test=flattened_log_psd
Fitted scenario=within_tercile_middle_2011_2012 train_input=flattened_log_psd
Evaluated scenario=within_tercile_middle_2011_2012 train=flattened_log_psd test=full_log_psd
Evaluated scenario=within_tercile_middle_2011_2012 train=flattened_log_psd test=aperiodic_spectrum
Evaluated scenario=within_tercile_middle_2011_2012 train=flattened_log_psd test=flattened_log_psd
Fitted scenario=within_tercile_late_2013 train_input=full_log_psd
Evaluated scenario=within_tercile_late_2013 train=full_log_psd test=full_log_psd
Evaluated scenario=within_tercile_late_2013 train=full_log_psd test=aperiodic_spectrum
Evaluated scenario=within_tercile_late_2013 train=full_log_psd test=flattened_log_psd
Fitted scenario=within_tercile_late_2013 train_input=aperiodic_spectrum
Evaluated scenario=within_tercile_late_2013 train=aperiodic_spectrum test=full_log_psd
Evaluated scenario=within_tercile_late_2013 train=aperiodic_spectrum test=aperiodic_spectrum
Evaluated scenario=within_tercile_late_2013 train=aperiodic_spectrum test=flattened_log_psd
Fitted scenario=within_tercile_late_2013 train_input=flattened_log_psd
Evaluated scenario=within_tercile_late_2013 train=flattened_log_psd test=full_log_psd
Evaluated scenario=within_tercile_late_2013 train=flattened_log_psd test=aperiodic_spectrum
Evaluated scenario=within_tercile_late_2013 train=flattened_log_psd test=flattened_log_psd
Wrote outputs to: /mnt/data/aperiodic_confounds/results/tuab_full_v3_0_1/site_temporal_psd_audit
                           scenario        train_input         test_input                estimate    point  ci_lower  ci_upper  n_eval_subjects
     within_primary_early_2009_2011       full_log_psd       full_log_psd             performance 0.702504  0.639546  0.761945              137
     within_primary_early_2009_2011       full_log_psd aperiodic_spectrum             performance 0.609417  0.551843  0.662910              137
     within_primary_early_2009_2011       full_log_psd  flattened_log_psd             performance 0.584922  0.546681  0.626866              137
     within_primary_early_2009_2011 aperiodic_spectrum       full_log_psd             performance 0.697108  0.625899  0.764149              137
     within_primary_early_2009_2011 aperiodic_spectrum aperiodic_spectrum             performance 0.703140  0.637307  0.765959              137
     within_primary_early_2009_2011 aperiodic_spectrum  flattened_log_psd             performance 0.500000  0.500000  0.500000              137
     within_primary_early_2009_2011  flattened_log_psd       full_log_psd             performance 0.646755  0.588378  0.705025              137
     within_primary_early_2009_2011  flattened_log_psd aperiodic_spectrum             performance 0.515390  0.497085  0.538751              137
     within_primary_early_2009_2011  flattened_log_psd  flattened_log_psd             performance 0.665631  0.609205  0.719152              137
      within_primary_late_2012_2013       full_log_psd       full_log_psd             performance 0.766636  0.710921  0.818510              120
      within_primary_late_2012_2013       full_log_psd aperiodic_spectrum             performance 0.544406  0.515556  0.572747              120
      within_primary_late_2012_2013       full_log_psd  flattened_log_psd             performance 0.562605  0.538622  0.587536              120
      within_primary_late_2012_2013 aperiodic_spectrum       full_log_psd             performance 0.748647  0.691230  0.803128              120
      within_primary_late_2012_2013 aperiodic_spectrum aperiodic_spectrum             performance 0.726787  0.671952  0.777918              120
      within_primary_late_2012_2013 aperiodic_spectrum  flattened_log_psd             performance 0.502312  0.500000  0.506212              120
      within_primary_late_2012_2013  flattened_log_psd       full_log_psd             performance 0.602209  0.564833  0.640313              120
      within_primary_late_2012_2013  flattened_log_psd aperiodic_spectrum             performance 0.509607  0.499918  0.521861              120
      within_primary_late_2012_2013  flattened_log_psd  flattened_log_psd             performance 0.724590  0.672901  0.773703              120
cross_primary_train_early_eval_late       full_log_psd       full_log_psd             performance 0.762272  0.713935  0.807321              120
cross_primary_train_early_eval_late       full_log_psd aperiodic_spectrum             performance 0.644206  0.589965  0.695935              120
cross_primary_train_early_eval_late       full_log_psd  flattened_log_psd             performance 0.616385  0.580774  0.653216              120
cross_primary_train_early_eval_late aperiodic_spectrum       full_log_psd             performance 0.745355  0.688808  0.799834              120
cross_primary_train_early_eval_late aperiodic_spectrum aperiodic_spectrum             performance 0.724935  0.666335  0.778688              120
cross_primary_train_early_eval_late aperiodic_spectrum  flattened_log_psd             performance 0.500000  0.500000  0.500000              120
cross_primary_train_early_eval_late  flattened_log_psd       full_log_psd             performance 0.704353  0.650596  0.755119              120
cross_primary_train_early_eval_late  flattened_log_psd aperiodic_spectrum             performance 0.531499  0.498061  0.564725              120
cross_primary_train_early_eval_late  flattened_log_psd  flattened_log_psd             performance 0.732272  0.689731  0.772633              120
cross_primary_train_late_eval_early       full_log_psd       full_log_psd             performance 0.708973  0.641370  0.774668              137
cross_primary_train_late_eval_early       full_log_psd aperiodic_spectrum             performance 0.543459  0.502178  0.579832              137
cross_primary_train_late_eval_early       full_log_psd  flattened_log_psd             performance 0.545120  0.516600  0.578053              137
cross_primary_train_late_eval_early aperiodic_spectrum       full_log_psd             performance 0.697705  0.627293  0.763727              137
cross_primary_train_late_eval_early aperiodic_spectrum aperiodic_spectrum             performance 0.698509  0.633040  0.760426              137
cross_primary_train_late_eval_early aperiodic_spectrum  flattened_log_psd             performance 0.499916  0.499739  0.500000              137
cross_primary_train_late_eval_early  flattened_log_psd       full_log_psd             performance 0.557270  0.520702  0.597428              137
cross_primary_train_late_eval_early  flattened_log_psd aperiodic_spectrum             performance 0.496899  0.491376  0.502898              137
cross_primary_train_late_eval_early  flattened_log_psd  flattened_log_psd             performance 0.696621  0.638738  0.753072              137
     within_tercile_early_2009_2010       full_log_psd       full_log_psd             performance 0.703330  0.636115  0.765749              103
     within_tercile_early_2009_2010       full_log_psd aperiodic_spectrum             performance 0.677202  0.603630  0.748846              103
     within_tercile_early_2009_2010       full_log_psd  flattened_log_psd             performance 0.603538  0.556144  0.651575              103
     within_tercile_early_2009_2010 aperiodic_spectrum       full_log_psd             performance 0.724866  0.642462  0.799864              103
     within_tercile_early_2009_2010 aperiodic_spectrum aperiodic_spectrum             performance 0.707623  0.631575  0.779620              103
     within_tercile_early_2009_2010 aperiodic_spectrum  flattened_log_psd             performance 0.499896  0.499677  0.500000              103
     within_tercile_early_2009_2010  flattened_log_psd       full_log_psd             performance 0.669858  0.611646  0.728380              103
     within_tercile_early_2009_2010  flattened_log_psd aperiodic_spectrum             performance 0.559584  0.502919  0.622304              103
     within_tercile_early_2009_2010  flattened_log_psd  flattened_log_psd             performance 0.657281  0.597144  0.715200              103
    within_tercile_middle_2011_2012       full_log_psd       full_log_psd             performance 0.720131  0.653595  0.786776               99
    within_tercile_middle_2011_2012       full_log_psd aperiodic_spectrum             performance 0.538618  0.488147  0.590418               99
    within_tercile_middle_2011_2012       full_log_psd  flattened_log_psd             performance 0.582379  0.549787  0.617135               99
    within_tercile_middle_2011_2012 aperiodic_spectrum       full_log_psd             performance 0.712705  0.633780  0.788353               99
    within_tercile_middle_2011_2012 aperiodic_spectrum aperiodic_spectrum             performance 0.729666  0.663745  0.794386               99
    within_tercile_middle_2011_2012 aperiodic_spectrum  flattened_log_psd             performance 0.500277  0.500000  0.500883               99
    within_tercile_middle_2011_2012  flattened_log_psd       full_log_psd             performance 0.628598  0.581558  0.678244               99
    within_tercile_middle_2011_2012  flattened_log_psd aperiodic_spectrum             performance 0.501808  0.498557  0.506068               99
    within_tercile_middle_2011_2012  flattened_log_psd  flattened_log_psd             performance 0.708367  0.650477  0.766835               99
           within_tercile_late_2013       full_log_psd       full_log_psd             performance 0.757517  0.680234  0.829187               59
           within_tercile_late_2013       full_log_psd aperiodic_spectrum             performance 0.605818  0.544364  0.666346               59
           within_tercile_late_2013       full_log_psd  flattened_log_psd             performance 0.566215  0.532826  0.599025               59
           within_tercile_late_2013 aperiodic_spectrum       full_log_psd             performance 0.763984  0.684797  0.837279               59
           within_tercile_late_2013 aperiodic_spectrum aperiodic_spectrum             performance 0.707366  0.621419  0.787233               59
           within_tercile_late_2013 aperiodic_spectrum  flattened_log_psd             performance 0.502598  0.499446  0.508447               59
           within_tercile_late_2013  flattened_log_psd       full_log_psd             performance 0.596454  0.542713  0.654856               59
           within_tercile_late_2013  flattened_log_psd aperiodic_spectrum             performance 0.523368  0.502571  0.549726               59
           within_tercile_late_2013  flattened_log_psd  flattened_log_psd             performance 0.696015  0.624575  0.761112               59
     within_primary_early_2009_2011       full_log_psd  flattened_log_psd drop::flattened_log_psd 0.117581  0.067796  0.164961              137
      within_primary_late_2012_2013       full_log_psd  flattened_log_psd drop::flattened_log_psd 0.204031  0.153158  0.252533              120
cross_primary_train_early_eval_late       full_log_psd  flattened_log_psd drop::flattened_log_psd 0.145887  0.106689  0.184040              120
cross_primary_train_late_eval_early       full_log_psd  flattened_log_psd drop::flattened_log_psd 0.163853  0.104955  0.221345              137
     within_tercile_early_2009_2010       full_log_psd  flattened_log_psd drop::flattened_log_psd 0.099792  0.060818  0.136565              103
    within_tercile_middle_2011_2012       full_log_psd  flattened_log_psd drop::flattened_log_psd 0.137752  0.078545  0.197444               99
           within_tercile_late_2013       full_log_psd  flattened_log_psd drop::flattened_log_psd 0.191301  0.135513  0.244560               59
